<?xml version="1.0" encoding="utf-8"?><testsuites name="pytest tests"><testsuite name="pytest" errors="0" failures="0" skipped="0" tests="26" time="2.319" timestamp="2026-03-14T00:06:50.540589+00:00" hostname="agent-env-9a714dd4-0de6-4e06-906b-6e17e37a0638"><testcase classname="tests.test_hypothesis_api.TestHypothesisCurrentEndpoint" name="test_current_returns_200" time="0.316" /><testcase classname="tests.test_hypothesis_api.TestHypothesisCurrentEndpoint" name="test_current_response_has_required_fields" time="0.060" /><testcase classname="tests.test_hypothesis_api.TestHypothesisCurrentEndpoint" name="test_current_hypothesis_type_valid" time="0.061" /><testcase classname="tests.test_hypothesis_api.TestHypothesisCurrentEndpoint" name="test_current_directional_bias_valid" time="0.061" /><testcase classname="tests.test_hypothesis_api.TestHypothesisCurrentEndpoint" name="test_current_execution_state_valid" time="0.067" /><testcase classname="tests.test_hypothesis_api.TestHypothesisCurrentEndpoint" name="test_current_confidence_in_range" time="0.061" /><testcase classname="tests.test_hypothesis_api.TestHypothesisCurrentEndpoint" name="test_current_reliability_in_range" time="0.064" /><testcase classname="tests.test_hypothesis_api.TestHypothesisCurrentEndpoint" name="test_current_support_values_in_range" time="0.051" /><testcase classname="tests.test_hypothesis_api.TestHypothesisCurrentEndpoint" name="test_current_symbol_uppercase" time="0.066" /><testcase classname="tests.test_hypothesis_api.TestHypothesisHistoryEndpoint" name="test_history_returns_200" time="0.062" /><testcase classname="tests.test_hypothesis_api.TestHypothesisHistoryEndpoint" name="test_history_has_required_fields" time="0.075" /><testcase classname="tests.test_hypothesis_api.TestHypothesisHistoryEndpoint" name="test_history_record_fields" time="0.114" /><testcase classname="tests.test_hypothesis_api.TestHypothesisHistoryEndpoint" name="test_history_limit_parameter" time="0.073" /><testcase classname="tests.test_hypothesis_api.TestHypothesisSummaryEndpoint" name="test_summary_returns_200" time="0.057" /><testcase classname="tests.test_hypothesis_api.TestHypothesisSummaryEndpoint" name="test_summary_has_required_structure" time="0.071" /><testcase classname="tests.test_hypothesis_api.TestHypothesisSummaryEndpoint" name="test_summary_types_counts" time="0.061" /><testcase classname="tests.test_hypothesis_api.TestHypothesisSummaryEndpoint" name="test_summary_bias_counts" time="0.062" /><testcase classname="tests.test_hypothesis_api.TestHypothesisSummaryEndpoint" name="test_summary_execution_states" time="0.061" /><testcase classname="tests.test_hypothesis_api.TestHypothesisSummaryEndpoint" name="test_summary_averages_in_range" time="0.055" /><testcase classname="tests.test_hypothesis_api.TestHypothesisRecomputeEndpoint" name="test_recompute_returns_200" time="0.077" /><testcase classname="tests.test_hypothesis_api.TestHypothesisRecomputeEndpoint" name="test_recompute_returns_status_ok" time="0.069" /><testcase classname="tests.test_hypothesis_api.TestHypothesisRecomputeEndpoint" name="test_recompute_has_computed_at" time="0.051" /><testcase classname="tests.test_hypothesis_api.TestHypothesisRecomputeEndpoint" name="test_recompute_has_full_hypothesis" time="0.058" /><testcase classname="tests.test_hypothesis_api.TestHypothesisRecomputeEndpoint" name="test_recompute_different_symbol" time="0.185" /><testcase classname="tests.test_hypothesis_api.TestHypothesisDataIntegrity" name="test_current_and_recompute_consistency" time="0.121" /><testcase classname="tests.test_hypothesis_api.TestHypothesisDataIntegrity" name="test_history_includes_recent_recompute" time="0.108" /></testsuite></testsuites>